<?xml version="1.0" encoding="UTF-8"?>
<testsuites name="TS_03_Autoplaced_Mandiri_Kartu Kredit Cicilan" time="36" tests="3" failures="0" errors="0">
   <testsuite name="TS_03_Autoplaced_Mandiri_Kartu Kredit Cicilan" tests="3" failures="0" errors="0" time="36" timestamp="2018-10-11 16:40:21" hostname="cipta.andhika - CIPTA-E460.ad.metraplasa.co.id" id="Test Suites/Test Suites/TS_02_Autoplaced Pulsa/TS_03_Autoplaced_Mandiri_Kartu Kredit Cicilan">
      <properties>
         <property name="deviceName" value=""/>
         <property name="devicePlatform" value=""/>
         <property name="logFolder" value="C:\\Users\\cipta.andhika\\Katalon Studio\\blanja.test\\blanja.test\\Reports\\Test Suites\\TS_02_Autoplaced Pulsa\\TS_03_Autoplaced_Mandiri_Kartu Kredit Cicilan\\20181011_163856"/>
         <property name="logFiles" value="C:\\Users\\cipta.andhika\\Katalon Studio\\blanja.test\\blanja.test\\Reports\\Test Suites\\TS_02_Autoplaced Pulsa\\TS_03_Autoplaced_Mandiri_Kartu Kredit Cicilan\\20181011_163856\\execution0.log"/>
         <property name="attachments" value=""/>
         <property name="hostName" value="cipta.andhika - CIPTA-E460.ad.metraplasa.co.id"/>
         <property name="os" value="Windows 10 64bit"/>
         <property name="katalonVersion" value="5.8.0.1"/>
         <property name="browser" value="Chrome 69.0.3497.100"/>
         <property name="hostAddress" value="10.10.99.244"/>
         <property name="sessionId" value="0193bcc981ddf6ac9dc1c238eaa901d4"/>
         <property name="seleniumVersion" value="3.7.1"/>
         <property name="proxyInformation" value="ProxyInformation{proxyOption=NO_PROXY, proxyServerType=HTTP, password=, proxyServerAddress=, proxyServerPort=0}"/>
         <property name="platform" value="Windows 10"/>
      </properties>
      <testcase name="Test Cases/10_Test Case Besar Pulsa/Pulsa" classname="Test Cases/10_Test Case Besar Pulsa/Pulsa" status="PASSED">
         <system-out><![CDATA[2018-10-11 16:40:22 - [TEST_CASE][PASSED] - Test Cases/10_Test Case Besar Pulsa/Pulsa: Test Cases/10_Test Case Besar Pulsa/Pulsa

2018-10-11 16:40:22 - [TEST_STEP][PASSED] - callTestCase: Call Test Case 'Test Cases/02_Member/TC_02010001_Member_Login' successfully

2018-10-11 16:40:22 - [TEST_CASE][PASSED] - Test Cases/02_Member/TC_02010001_Member_Login: Test Cases/02_Member/TC_02010001_Member_Login

2018-10-11 16:40:22 - [TEST_STEP][PASSED] - openBrowser: Browser is opened with url: ''

2018-10-11 16:40:26 - [MESSAGE][PASSED] - Browser is opened with url: ''

2018-10-11 16:40:26 - [TEST_STEP][PASSED] - maximizeWindow: Current window maximized

2018-10-11 16:40:27 - [MESSAGE][PASSED] - Current window maximized

2018-10-11 16:40:27 - [TEST_STEP][PASSED] - navigateToUrl: Navigate to 'https://member.blanja.com/member/login' successfully

2018-10-11 16:40:28 - [MESSAGE][PASSED] - Navigate to 'https://member.blanja.com/member/login' successfully

2018-10-11 16:40:28 - [TEST_STEP][PASSED] - setText: Text 'testblj2' is set on object 'Object Repository/SC_01010001_Mainsite/SC_02010001_Member_Login/input_nick'

2018-10-11 16:40:28 - [MESSAGE][PASSED] - Text 'testblj2' is set on object 'Object Repository/SC_01010001_Mainsite/SC_02010001_Member_Login/input_nick'

2018-10-11 16:40:28 - [TEST_STEP][PASSED] - setText: Text '123qwe' is set on object 'Object Repository/SC_01010001_Mainsite/SC_02010001_Member_Login/input_password'

2018-10-11 16:40:28 - [MESSAGE][PASSED] - Text '123qwe' is set on object 'Object Repository/SC_01010001_Mainsite/SC_02010001_Member_Login/input_password'

2018-10-11 16:40:28 - [TEST_STEP][PASSED] - click: Object: 'Object Repository/SC_01010001_Mainsite/SC_02010001_Member_Login/a_Masuk' is clicked on

2018-10-11 16:40:34 - [MESSAGE][PASSED] - Object: 'Object Repository/SC_01010001_Mainsite/SC_02010001_Member_Login/a_Masuk' is clicked on

2018-10-11 16:40:34 - [MESSAGE][PASSED] - Call Test Case 'Test Cases/02_Member/TC_02010001_Member_Login' successfully

2018-10-11 16:40:34 - [TEST_STEP][PASSED] - delay: Delayed 4 second(s)

2018-10-11 16:40:38 - [MESSAGE][PASSED] - Delayed 4 second(s)

2018-10-11 16:40:38 - [TEST_STEP][PASSED] - click: Object: 'Object Repository/SC_Close Popup Iklan/Close Iklan' is clicked on

2018-10-11 16:40:38 - [MESSAGE][PASSED] - Object: 'Object Repository/SC_Close Popup Iklan/Close Iklan' is clicked on

2018-10-11 16:40:38 - [TEST_STEP][PASSED] - delay: Delayed 2 second(s)

2018-10-11 16:40:40 - [MESSAGE][PASSED] - Delayed 2 second(s)

2018-10-11 16:40:40 - [TEST_STEP][PASSED] - click: Object: 'Object Repository/SC_Close Popup Iklan/Close Iklan Pelajari Blanja' is clicked on

2018-10-11 16:40:40 - [MESSAGE][PASSED] - Object: 'Object Repository/SC_Close Popup Iklan/Close Iklan Pelajari Blanja' is clicked on

2018-10-11 16:40:40 - [TEST_STEP][PASSED] - delay: Delayed 2 second(s)

2018-10-11 16:40:42 - [MESSAGE][PASSED] - Delayed 2 second(s)

2018-10-11 16:40:42 - [TEST_STEP][PASSED] - setText: Text '081289138338' is set on object 'Object Repository/SC_Pulsa/Nomor handphone'

2018-10-11 16:40:43 - [MESSAGE][PASSED] - Text '081289138338' is set on object 'Object Repository/SC_Pulsa/Nomor handphone'

2018-10-11 16:40:43 - [TEST_STEP][PASSED] - delay: Delayed 3 second(s)

2018-10-11 16:40:46 - [MESSAGE][PASSED] - Delayed 3 second(s)

2018-10-11 16:40:46 - [TEST_STEP][PASSED] - click: Object: 'Object Repository/SC_Pulsa/Pilih Nominal' is clicked on

2018-10-11 16:40:46 - [MESSAGE][PASSED] - Object: 'Object Repository/SC_Pulsa/Pilih Nominal' is clicked on

2018-10-11 16:40:46 - [TEST_STEP][PASSED] - delay: Delayed 2 second(s)

2018-10-11 16:40:48 - [MESSAGE][PASSED] - Delayed 2 second(s)

2018-10-11 16:40:48 - [TEST_STEP][PASSED] - click: Object: 'Object Repository/SC_Pulsa/Nominal' is clicked on

2018-10-11 16:40:48 - [MESSAGE][PASSED] - Object: 'Object Repository/SC_Pulsa/Nominal' is clicked on

2018-10-11 16:40:48 - [TEST_STEP][PASSED] - delay: Delayed 2 second(s)

2018-10-11 16:40:50 - [MESSAGE][PASSED] - Delayed 2 second(s)

2018-10-11 16:40:50 - [TEST_STEP][PASSED] - click: Object: 'Object Repository/SC_Pulsa/Button Blanja Sekarang' is clicked on

2018-10-11 16:40:53 - [MESSAGE][PASSED] - Object: 'Object Repository/SC_Pulsa/Button Blanja Sekarang' is clicked on

2018-10-11 16:40:53 - [TEST_STEP][PASSED] - delay: Delayed 2 second(s)

2018-10-11 16:40:55 - [MESSAGE][PASSED] - Delayed 2 second(s)]]></system-out>
         <system-err><![CDATA[]]></system-err>
      </testcase>
      <testcase name="Test Cases/04_Trade/TC_04010002_ChooseMethodPaymentPulsa/TC_04010002_02_ChooseMethodPayment_Mandiri_Kartu_Kredit_Cicilan" classname="Test Cases/04_Trade/TC_04010002_ChooseMethodPaymentPulsa/TC_04010002_02_ChooseMethodPayment_Mandiri_Kartu_Kredit_Cicilan" status="PASSED">
         <system-out><![CDATA[2018-10-11 16:40:55 - [TEST_CASE][PASSED] - Test Cases/04_Trade/TC_04010002_ChooseMethodPaymentPulsa/TC_04010002_02_ChooseMethodPayment_Mandiri_Kartu_Kredit_Cicilan: Test Cases/04_Trade/TC_04010002_ChooseMethodPaymentPulsa/TC_04010002_02_ChooseMethodPayment_Mandiri_Kartu_Kredit_Cicilan

2018-10-11 16:40:55 - [TEST_STEP][PASSED] - click: Object: 'Object Repository/SC_04010002_Trade_PaymentMethod/RadioButtonPaymentMethodPulsa/Rb_2_Mandiri_Kartu_Kredit_Cicilan' is clicked on

2018-10-11 16:40:55 - [MESSAGE][PASSED] - Object: 'Object Repository/SC_04010002_Trade_PaymentMethod/RadioButtonPaymentMethodPulsa/Rb_2_Mandiri_Kartu_Kredit_Cicilan' is clicked on

2018-10-11 16:40:55 - [TEST_STEP][PASSED] - Statement - paymentMethod = "Mandiri " + com.kms.katalon.core.webui.keyword.WebUiBuiltInKeywords.getText(com.kms.katalon.core.testobject.ObjectRepository.findTestObject(SC_04010002_Trade_PaymentMethod/LabelPaymentMethodPulsa/label_Mandiri Kartu Kredit Cicilan)): Text of object 'Object Repository/SC_04010002_Trade_PaymentMethod/LabelPaymentMethodPulsa/label_Mandiri Kartu Kredit Cicilan' is: 'Kartu Kredit Cicilan'

2018-10-11 16:40:55 - [MESSAGE][PASSED] - Text of object 'Object Repository/SC_04010002_Trade_PaymentMethod/LabelPaymentMethodPulsa/label_Mandiri Kartu Kredit Cicilan' is: 'Kartu Kredit Cicilan'

2018-10-11 16:40:55 - [TEST_STEP][PASSED] - blj.common.report.Autoplaced.AppendToBlanjaAutoplacedReport: blj.common.report.Autoplaced.AppendToBlanjaAutoplacedReport is PASSED

2018-10-11 16:40:55 - [MESSAGE][PASSED] - blj.common.report.Autoplaced.AppendToBlanjaAutoplacedReport is PASSED]]></system-out>
         <system-err><![CDATA[]]></system-err>
      </testcase>
      <testcase name="Test Cases/04_Trade/TC_04010003_ClickCheckout_GetLastOrderID_ExportTo_Blanja_Autoplaced" classname="Test Cases/04_Trade/TC_04010003_ClickCheckout_GetLastOrderID_ExportTo_Blanja_Autoplaced" status="PASSED">
         <system-out><![CDATA[2018-10-11 16:40:55 - [TEST_CASE][PASSED] - Test Cases/04_Trade/TC_04010003_ClickCheckout_GetLastOrderID_ExportTo_Blanja_Autoplaced: Test Cases/04_Trade/TC_04010003_ClickCheckout_GetLastOrderID_ExportTo_Blanja_Autoplaced

2018-10-11 16:40:55 - [TEST_STEP][PASSED] - click: Object: 'Object Repository/SC_04010002_Trade_PaymentMethod/input_checkOut' is clicked on

2018-10-11 16:40:56 - [MESSAGE][PASSED] - Object: 'Object Repository/SC_04010002_Trade_PaymentMethod/input_checkOut' is clicked on

2018-10-11 16:40:56 - [TEST_STEP][PASSED] - navigateToUrl: Navigate to 'https://member.blanja.com/trades/orderList.html' successfully

2018-10-11 16:40:57 - [MESSAGE][PASSED] - Navigate to 'https://member.blanja.com/trades/orderList.html' successfully

2018-10-11 16:40:57 - [TEST_STEP][PASSED] - Statement - orderNumber = " - " + com.kms.katalon.core.webui.keyword.WebUiBuiltInKeywords.getText(com.kms.katalon.core.testobject.ObjectRepository.findTestObject(SC_02010003_Member_BlanjaanSaya/Label_FirstOrderNumber)): Text of object 'Object Repository/SC_02010003_Member_BlanjaanSaya/Label_FirstOrderNumber' is: 'Nomor Pemesanan :418680840512323019'

2018-10-11 16:40:57 - [MESSAGE][PASSED] - Text of object 'Object Repository/SC_02010003_Member_BlanjaanSaya/Label_FirstOrderNumber' is: 'Nomor Pemesanan :418680840512323019'

2018-10-11 16:40:57 - [TEST_STEP][PASSED] - blj.common.report.Autoplaced.AppendToBlanjaAutoplacedReport: blj.common.report.Autoplaced.AppendToBlanjaAutoplacedReport is PASSED

2018-10-11 16:40:57 - [MESSAGE][PASSED] - blj.common.report.Autoplaced.AppendToBlanjaAutoplacedReport is PASSED]]></system-out>
         <system-err><![CDATA[]]></system-err>
      </testcase>
      <system-out><![CDATA[2018-10-11 16:40:21 - [TEST_SUITE][PASSED] - TS_03_Autoplaced_Mandiri_Kartu Kredit Cicilan: Test Cases/04_Trade/TC_04010003_ClickCheckout_GetLastOrderID_ExportTo_Blanja_Autoplaced]]></system-out>
      <system-err><![CDATA[]]></system-err>
   </testsuite>
</testsuites>
