<?xml version="1.0" encoding="UTF-8"?>
<testsuites name="TS_01_Autoplaced_Mandiri_Debit Online" time="0" tests="1" failures="0" errors="0">
   <testsuite name="TS_01_Autoplaced_Mandiri_Debit Online" tests="1" failures="0" errors="0" time="0" timestamp="2018-10-12 17:01:31" hostname="cipta.andhika - CIPTA-E460.ad.metraplasa.co.id" id="Test Suites/Test Suites/TS_02_Autoplaced Pulsa/TS_01_Autoplaced_Mandiri_Debit Online">
      <properties>
         <property name="deviceName" value=""/>
         <property name="devicePlatform" value=""/>
         <property name="logFolder" value="C:\\Users\\cipta.andhika\\Katalon Studio\\blanja.test\\blanja.test\\Reports\\Test Suites\\TS_02_Autoplaced Pulsa\\TS_01_Autoplaced_Mandiri_Debit Online\\20181012_170129"/>
         <property name="logFiles" value="C:\\Users\\cipta.andhika\\Katalon Studio\\blanja.test\\blanja.test\\Reports\\Test Suites\\TS_02_Autoplaced Pulsa\\TS_01_Autoplaced_Mandiri_Debit Online\\20181012_170129\\execution0.log"/>
         <property name="attachments" value=""/>
         <property name="hostName" value="cipta.andhika - CIPTA-E460.ad.metraplasa.co.id"/>
         <property name="hostAddress" value="10.10.99.244"/>
         <property name="os" value="Windows 10 64bit"/>
         <property name="katalonVersion" value="5.8.0.1"/>
      </properties>
      <testcase name="Test Cases/10_Test Case Besar Pulsa/Pulsa_1" classname="Test Cases/10_Test Case Besar Pulsa/Pulsa_1" status="PASSED">
         <system-out><![CDATA[2018-10-12 17:01:32 - [TEST_CASE][PASSED] - Test Cases/10_Test Case Besar Pulsa/Pulsa_1: null]]></system-out>
         <system-err><![CDATA[]]></system-err>
      </testcase>
      <system-out><![CDATA[2018-10-12 17:01:31 - [TEST_SUITE][INCOMPLETE] - TS_01_Autoplaced_Mandiri_Debit Online: null]]></system-out>
      <system-err><![CDATA[2018-10-12 17:01:31 - [TEST_SUITE][INCOMPLETE] - TS_01_Autoplaced_Mandiri_Debit Online: null]]></system-err>
   </testsuite>
</testsuites>
