<?xml version="1.0" encoding="UTF-8"?>
<testsuites name="TS_20_Autoplaced_Finpay_TMoney" time="27" tests="5" failures="0" errors="0">
   <testsuite name="TS_20_Autoplaced_Finpay_TMoney" tests="5" failures="0" errors="0" time="27" timestamp="2018-10-11 16:29:44" hostname="cipta.andhika - CIPTA-E460.ad.metraplasa.co.id" id="Test Suites/Test Suites/TS_01_Autoplaced/TS_20_Autoplaced_Finpay_TMoney">
      <properties>
         <property name="deviceName" value=""/>
         <property name="devicePlatform" value=""/>
         <property name="logFolder" value="C:\\Users\\cipta.andhika\\Katalon Studio\\blanja.test\\blanja.test\\Reports\\Test Suites\\TS_01_Autoplaced\\TS_20_Autoplaced_Finpay_TMoney\\20181011_162011"/>
         <property name="logFiles" value="C:\\Users\\cipta.andhika\\Katalon Studio\\blanja.test\\blanja.test\\Reports\\Test Suites\\TS_01_Autoplaced\\TS_20_Autoplaced_Finpay_TMoney\\20181011_162011\\execution0.log"/>
         <property name="attachments" value=""/>
         <property name="hostName" value="cipta.andhika - CIPTA-E460.ad.metraplasa.co.id"/>
         <property name="os" value="Windows 10 64bit"/>
         <property name="katalonVersion" value="5.8.0.1"/>
         <property name="browser" value="Chrome 69.0.3497.100"/>
         <property name="hostAddress" value="10.10.99.244"/>
         <property name="sessionId" value="752b40d259cfb67a5c001c7952654823"/>
         <property name="seleniumVersion" value="3.7.1"/>
         <property name="proxyInformation" value="ProxyInformation{proxyOption=NO_PROXY, proxyServerType=HTTP, password=, proxyServerAddress=, proxyServerPort=0}"/>
         <property name="platform" value="Windows 10"/>
      </properties>
      <testcase name="Test Cases/02_Member/TC_02010001_Member_Login" classname="Test Cases/02_Member/TC_02010001_Member_Login" status="PASSED">
         <system-out><![CDATA[2018-10-11 16:29:45 - [TEST_CASE][PASSED] - Test Cases/02_Member/TC_02010001_Member_Login: Test Cases/02_Member/TC_02010001_Member_Login

2018-10-11 16:29:45 - [TEST_STEP][PASSED] - openBrowser: Browser is opened with url: ''

2018-10-11 16:29:48 - [MESSAGE][PASSED] - Browser is opened with url: ''

2018-10-11 16:29:48 - [TEST_STEP][PASSED] - maximizeWindow: Current window maximized

2018-10-11 16:29:50 - [MESSAGE][PASSED] - Current window maximized

2018-10-11 16:29:50 - [TEST_STEP][PASSED] - navigateToUrl: Navigate to 'https://member.blanja.com/member/login' successfully

2018-10-11 16:29:53 - [MESSAGE][PASSED] - Navigate to 'https://member.blanja.com/member/login' successfully

2018-10-11 16:29:53 - [TEST_STEP][PASSED] - setText: Text 'testblj2' is set on object 'Object Repository/SC_01010001_Mainsite/SC_02010001_Member_Login/input_nick'

2018-10-11 16:29:53 - [MESSAGE][PASSED] - Text 'testblj2' is set on object 'Object Repository/SC_01010001_Mainsite/SC_02010001_Member_Login/input_nick'

2018-10-11 16:29:53 - [TEST_STEP][PASSED] - setText: Text '123qwe' is set on object 'Object Repository/SC_01010001_Mainsite/SC_02010001_Member_Login/input_password'

2018-10-11 16:29:53 - [MESSAGE][PASSED] - Text '123qwe' is set on object 'Object Repository/SC_01010001_Mainsite/SC_02010001_Member_Login/input_password'

2018-10-11 16:29:53 - [TEST_STEP][PASSED] - click: Object: 'Object Repository/SC_01010001_Mainsite/SC_02010001_Member_Login/a_Masuk' is clicked on

2018-10-11 16:29:58 - [MESSAGE][PASSED] - Object: 'Object Repository/SC_01010001_Mainsite/SC_02010001_Member_Login/a_Masuk' is clicked on]]></system-out>
         <system-err><![CDATA[]]></system-err>
      </testcase>
      <testcase name="Test Cases/03_Product/TC_03010001_Product_GoToPDPUrl_CloseGojekSuppoer_ClickBlanjaSekarang" classname="Test Cases/03_Product/TC_03010001_Product_GoToPDPUrl_CloseGojekSuppoer_ClickBlanjaSekarang" status="PASSED">
         <system-out><![CDATA[2018-10-11 16:29:58 - [TEST_CASE][PASSED] - Test Cases/03_Product/TC_03010001_Product_GoToPDPUrl_CloseGojekSuppoer_ClickBlanjaSekarang: Test Cases/03_Product/TC_03010001_Product_GoToPDPUrl_CloseGojekSuppoer_ClickBlanjaSekarang

2018-10-11 16:29:58 - [TEST_STEP][PASSED] - navigateToUrl: Navigate to 'https://item.blanja.com/item/jual-beli-pantene-black-shine-18983897' successfully

2018-10-11 16:30:00 - [MESSAGE][PASSED] - Navigate to 'https://item.blanja.com/item/jual-beli-pantene-black-shine-18983897' successfully

2018-10-11 16:30:00 - [TEST_STEP][PASSED] - click: Object: 'Object Repository/SC_03010001_Product_PDP/i_x_button_TersediaLayananExpress' is clicked on

2018-10-11 16:30:00 - [MESSAGE][PASSED] - Object: 'Object Repository/SC_03010001_Product_PDP/i_x_button_TersediaLayananExpress' is clicked on

2018-10-11 16:30:00 - [TEST_STEP][PASSED] - click: Object: 'Object Repository/SC_03010001_Product_PDP/span_Blanja sekarang' is clicked on

2018-10-11 16:30:00 - [MESSAGE][PASSED] - Object: 'Object Repository/SC_03010001_Product_PDP/span_Blanja sekarang' is clicked on]]></system-out>
         <system-err><![CDATA[]]></system-err>
      </testcase>
      <testcase name="Test Cases/04_Trade/TC_04010001_GoToOrderConfirmUrl_SelectKurirStandard_ClickCheckout" classname="Test Cases/04_Trade/TC_04010001_GoToOrderConfirmUrl_SelectKurirStandard_ClickCheckout" status="PASSED">
         <system-out><![CDATA[2018-10-11 16:30:00 - [TEST_CASE][PASSED] - Test Cases/04_Trade/TC_04010001_GoToOrderConfirmUrl_SelectKurirStandard_ClickCheckout: Test Cases/04_Trade/TC_04010001_GoToOrderConfirmUrl_SelectKurirStandard_ClickCheckout

2018-10-11 16:30:00 - [TEST_STEP][PASSED] - selectOptionByValue: All options with value 'Kurir Standar' are selected in object 'Object Repository/SC_04010001_Trade_OrderConfirm/select_Pilih Jasa PengirimanKu'  using regular expression

2018-10-11 16:30:02 - [MESSAGE][PASSED] - All options with value 'Kurir Standar' are selected in object 'Object Repository/SC_04010001_Trade_OrderConfirm/select_Pilih Jasa PengirimanKu'  using regular expression

2018-10-11 16:30:02 - [TEST_STEP][PASSED] - delay: Delayed 2 second(s)

2018-10-11 16:30:04 - [MESSAGE][PASSED] - Delayed 2 second(s)

2018-10-11 16:30:04 - [TEST_STEP][PASSED] - click: Object: 'Object Repository/SC_04010001_Trade_OrderConfirm/input_checkOut' is clicked on

2018-10-11 16:30:04 - [MESSAGE][PASSED] - Object: 'Object Repository/SC_04010001_Trade_OrderConfirm/input_checkOut' is clicked on]]></system-out>
         <system-err><![CDATA[]]></system-err>
      </testcase>
      <testcase name="Test Cases/04_Trade/TC_04010002_ChooseMethodPayment/TC_04010002_20_ChooseMethodPayment_Finpay_TMoney" classname="Test Cases/04_Trade/TC_04010002_ChooseMethodPayment/TC_04010002_20_ChooseMethodPayment_Finpay_TMoney" status="PASSED">
         <system-out><![CDATA[2018-10-11 16:30:04 - [TEST_CASE][PASSED] - Test Cases/04_Trade/TC_04010002_ChooseMethodPayment/TC_04010002_20_ChooseMethodPayment_Finpay_TMoney: Test Cases/04_Trade/TC_04010002_ChooseMethodPayment/TC_04010002_20_ChooseMethodPayment_Finpay_TMoney

2018-10-11 16:30:04 - [TEST_STEP][PASSED] - click: Object: 'Object Repository/SC_04010002_Trade_PaymentMethod/RadioButtonPaymentMethod/rb_20_Finpay_T_Money' is clicked on

2018-10-11 16:30:06 - [MESSAGE][PASSED] - Object: 'Object Repository/SC_04010002_Trade_PaymentMethod/RadioButtonPaymentMethod/rb_20_Finpay_T_Money' is clicked on

2018-10-11 16:30:06 - [TEST_STEP][PASSED] - Statement - paymentMethod = "Finpay " + com.kms.katalon.core.webui.keyword.WebUiBuiltInKeywords.getText(com.kms.katalon.core.testobject.ObjectRepository.findTestObject(SC_04010002_Trade_PaymentMethod/LabelPaymentMethod/label_Bayar via T-Money)): Text of object 'Object Repository/SC_04010002_Trade_PaymentMethod/LabelPaymentMethod/label_Bayar via T-Money' is: 'Bayar via T-Money'

2018-10-11 16:30:06 - [MESSAGE][PASSED] - Text of object 'Object Repository/SC_04010002_Trade_PaymentMethod/LabelPaymentMethod/label_Bayar via T-Money' is: 'Bayar via T-Money'

2018-10-11 16:30:06 - [TEST_STEP][PASSED] - blj.common.report.Autoplaced.AppendToBlanjaAutoplacedReport: blj.common.report.Autoplaced.AppendToBlanjaAutoplacedReport is PASSED

2018-10-11 16:30:06 - [MESSAGE][PASSED] - blj.common.report.Autoplaced.AppendToBlanjaAutoplacedReport is PASSED]]></system-out>
         <system-err><![CDATA[]]></system-err>
      </testcase>
      <testcase name="Test Cases/04_Trade/TC_04010003_ClickCheckout_GetLastOrderID_ExportTo_Blanja_Autoplaced" classname="Test Cases/04_Trade/TC_04010003_ClickCheckout_GetLastOrderID_ExportTo_Blanja_Autoplaced" status="PASSED">
         <system-out><![CDATA[2018-10-11 16:30:06 - [TEST_CASE][PASSED] - Test Cases/04_Trade/TC_04010003_ClickCheckout_GetLastOrderID_ExportTo_Blanja_Autoplaced: Test Cases/04_Trade/TC_04010003_ClickCheckout_GetLastOrderID_ExportTo_Blanja_Autoplaced

2018-10-11 16:30:06 - [TEST_STEP][PASSED] - click: Object: 'Object Repository/SC_04010002_Trade_PaymentMethod/input_checkOut' is clicked on

2018-10-11 16:30:10 - [MESSAGE][PASSED] - Object: 'Object Repository/SC_04010002_Trade_PaymentMethod/input_checkOut' is clicked on

2018-10-11 16:30:10 - [TEST_STEP][PASSED] - navigateToUrl: Navigate to 'https://member.blanja.com/trades/orderList.html' successfully

2018-10-11 16:30:11 - [MESSAGE][PASSED] - Navigate to 'https://member.blanja.com/trades/orderList.html' successfully

2018-10-11 16:30:11 - [TEST_STEP][PASSED] - Statement - orderNumber = " - " + com.kms.katalon.core.webui.keyword.WebUiBuiltInKeywords.getText(com.kms.katalon.core.testobject.ObjectRepository.findTestObject(SC_02010003_Member_BlanjaanSaya/Label_FirstOrderNumber)): Text of object 'Object Repository/SC_02010003_Member_BlanjaanSaya/Label_FirstOrderNumber' is: 'Nomor Pemesanan :418680830047084019'

2018-10-11 16:30:11 - [MESSAGE][PASSED] - Text of object 'Object Repository/SC_02010003_Member_BlanjaanSaya/Label_FirstOrderNumber' is: 'Nomor Pemesanan :418680830047084019'

2018-10-11 16:30:11 - [TEST_STEP][PASSED] - blj.common.report.Autoplaced.AppendToBlanjaAutoplacedReport: blj.common.report.Autoplaced.AppendToBlanjaAutoplacedReport is PASSED

2018-10-11 16:30:11 - [MESSAGE][PASSED] - blj.common.report.Autoplaced.AppendToBlanjaAutoplacedReport is PASSED]]></system-out>
         <system-err><![CDATA[]]></system-err>
      </testcase>
      <system-out><![CDATA[2018-10-11 16:29:44 - [TEST_SUITE][PASSED] - TS_20_Autoplaced_Finpay_TMoney: Test Cases/04_Trade/TC_04010003_ClickCheckout_GetLastOrderID_ExportTo_Blanja_Autoplaced]]></system-out>
      <system-err><![CDATA[]]></system-err>
   </testsuite>
</testsuites>
