<?xml version="1.0" encoding="UTF-8"?>
<testsuites name="TS_02_Autoplaced_Mandiri_Kartu Kredit" time="90" tests="3" failures="0" errors="0">
   <testsuite name="TS_02_Autoplaced_Mandiri_Kartu Kredit" tests="3" failures="0" errors="0" time="90" timestamp="2018-10-09 16:06:48" hostname="cipta.andhika - CIPTA-E460.ad.metraplasa.co.id" id="Test Suites/Test Suites/TS_03_Autoplaced Pulsa/TS_02_Autoplaced_Mandiri_Kartu Kredit">
      <properties>
         <property name="deviceName" value=""/>
         <property name="devicePlatform" value=""/>
         <property name="logFolder" value="C:\\Users\\cipta.andhika\\Katalon Studio\\blanja.test\\blanja.test\\Reports\\Test Suites\\TS_03_Autoplaced Pulsa\\TS_02_Autoplaced_Mandiri_Kartu Kredit\\20181009_160646"/>
         <property name="logFiles" value="C:\\Users\\cipta.andhika\\Katalon Studio\\blanja.test\\blanja.test\\Reports\\Test Suites\\TS_03_Autoplaced Pulsa\\TS_02_Autoplaced_Mandiri_Kartu Kredit\\20181009_160646\\execution0.log"/>
         <property name="attachments" value=""/>
         <property name="hostName" value="cipta.andhika - CIPTA-E460.ad.metraplasa.co.id"/>
         <property name="os" value="Windows 10 64bit"/>
         <property name="katalonVersion" value="5.7.1.1"/>
         <property name="browser" value="Chrome 69.0.3497.100"/>
         <property name="hostAddress" value="10.10.99.244"/>
         <property name="sessionId" value="e0b03aacb5a532794aa7e17d39c8f7af"/>
         <property name="seleniumVersion" value="3.7.1"/>
         <property name="proxyInformation" value="ProxyInformation{proxyOption=NO_PROXY, proxyServerType=HTTP, password=, proxyServerAddress=, proxyServerPort=0}"/>
         <property name="platform" value="Windows 10"/>
      </properties>
      <testcase name="Test Cases/10_Test Case Besar Pulsa/Pulsa" classname="Test Cases/10_Test Case Besar Pulsa/Pulsa" status="PASSED">
         <system-out><![CDATA[2018-10-09 16:06:48 - [TEST_CASE][PASSED] - Test Cases/10_Test Case Besar Pulsa/Pulsa: Test Cases/10_Test Case Besar Pulsa/Pulsa

2018-10-09 16:06:49 - [TEST_STEP][PASSED] - callTestCase: Call Test Case 'Test Cases/02_Member/TC_02010001_Member_Login' successfully

2018-10-09 16:06:49 - [TEST_CASE][PASSED] - Test Cases/02_Member/TC_02010001_Member_Login: Test Cases/02_Member/TC_02010001_Member_Login

2018-10-09 16:06:49 - [TEST_STEP][PASSED] - openBrowser: Browser is opened with url: ''

2018-10-09 16:06:53 - [MESSAGE][PASSED] - Browser is opened with url: ''

2018-10-09 16:06:53 - [TEST_STEP][PASSED] - maximizeWindow: Current window maximized

2018-10-09 16:06:54 - [MESSAGE][PASSED] - Current window maximized

2018-10-09 16:06:54 - [TEST_STEP][PASSED] - navigateToUrl: Navigate to 'https://member.blanja.com/member/login' successfully

2018-10-09 16:07:15 - [MESSAGE][PASSED] - Navigate to 'https://member.blanja.com/member/login' successfully

2018-10-09 16:07:15 - [TEST_STEP][PASSED] - setText: Text 'testblj2' is set on object 'Object Repository/SC_01010001_Mainsite/SC_02010001_Member_Login/input_nick'

2018-10-09 16:07:15 - [MESSAGE][PASSED] - Text 'testblj2' is set on object 'Object Repository/SC_01010001_Mainsite/SC_02010001_Member_Login/input_nick'

2018-10-09 16:07:15 - [TEST_STEP][PASSED] - setText: Text '123qwe' is set on object 'Object Repository/SC_01010001_Mainsite/SC_02010001_Member_Login/input_password'

2018-10-09 16:07:15 - [MESSAGE][PASSED] - Text '123qwe' is set on object 'Object Repository/SC_01010001_Mainsite/SC_02010001_Member_Login/input_password'

2018-10-09 16:07:15 - [TEST_STEP][PASSED] - click: Object: 'Object Repository/SC_01010001_Mainsite/SC_02010001_Member_Login/a_Masuk' is clicked on

2018-10-09 16:07:21 - [MESSAGE][PASSED] - Object: 'Object Repository/SC_01010001_Mainsite/SC_02010001_Member_Login/a_Masuk' is clicked on

2018-10-09 16:07:21 - [MESSAGE][PASSED] - Call Test Case 'Test Cases/02_Member/TC_02010001_Member_Login' successfully

2018-10-09 16:07:21 - [TEST_STEP][PASSED] - delay: Delayed 4 second(s)

2018-10-09 16:07:26 - [MESSAGE][PASSED] - Delayed 4 second(s)

2018-10-09 16:07:26 - [TEST_STEP][PASSED] - click: Object: 'Object Repository/SC_Close Popup Iklan/Close Iklan' is clicked on

2018-10-09 16:07:26 - [MESSAGE][PASSED] - Object: 'Object Repository/SC_Close Popup Iklan/Close Iklan' is clicked on

2018-10-09 16:07:26 - [TEST_STEP][PASSED] - delay: Delayed 2 second(s)

2018-10-09 16:07:28 - [MESSAGE][PASSED] - Delayed 2 second(s)

2018-10-09 16:07:28 - [TEST_STEP][PASSED] - click: Object: 'Object Repository/SC_Close Popup Iklan/Close Iklan Pelajari Blanja' is clicked on

2018-10-09 16:07:28 - [MESSAGE][PASSED] - Object: 'Object Repository/SC_Close Popup Iklan/Close Iklan Pelajari Blanja' is clicked on

2018-10-09 16:07:28 - [TEST_STEP][PASSED] - delay: Delayed 2 second(s)

2018-10-09 16:07:30 - [MESSAGE][PASSED] - Delayed 2 second(s)

2018-10-09 16:07:30 - [TEST_STEP][PASSED] - setText: Text '081289138338' is set on object 'Object Repository/SC_Pulsa/Nomor handphone'

2018-10-09 16:07:31 - [MESSAGE][PASSED] - Text '081289138338' is set on object 'Object Repository/SC_Pulsa/Nomor handphone'

2018-10-09 16:07:31 - [TEST_STEP][PASSED] - delay: Delayed 3 second(s)

2018-10-09 16:07:34 - [MESSAGE][PASSED] - Delayed 3 second(s)

2018-10-09 16:07:34 - [TEST_STEP][PASSED] - click: Object: 'Object Repository/SC_Pulsa/Pilih Nominal' is clicked on

2018-10-09 16:07:34 - [MESSAGE][PASSED] - Object: 'Object Repository/SC_Pulsa/Pilih Nominal' is clicked on

2018-10-09 16:07:34 - [TEST_STEP][PASSED] - delay: Delayed 2 second(s)

2018-10-09 16:07:36 - [MESSAGE][PASSED] - Delayed 2 second(s)

2018-10-09 16:07:36 - [TEST_STEP][PASSED] - click: Object: 'Object Repository/SC_Pulsa/Nominal' is clicked on

2018-10-09 16:07:36 - [MESSAGE][PASSED] - Object: 'Object Repository/SC_Pulsa/Nominal' is clicked on

2018-10-09 16:07:36 - [TEST_STEP][PASSED] - delay: Delayed 2 second(s)

2018-10-09 16:07:38 - [MESSAGE][PASSED] - Delayed 2 second(s)

2018-10-09 16:07:38 - [TEST_STEP][PASSED] - click: Object: 'Object Repository/SC_Pulsa/Button Blanja Sekarang' is clicked on

2018-10-09 16:08:10 - [MESSAGE][PASSED] - Object: 'Object Repository/SC_Pulsa/Button Blanja Sekarang' is clicked on

2018-10-09 16:08:10 - [TEST_STEP][PASSED] - delay: Delayed 2 second(s)

2018-10-09 16:08:12 - [MESSAGE][PASSED] - Delayed 2 second(s)]]></system-out>
         <system-err><![CDATA[]]></system-err>
      </testcase>
      <testcase name="Test Cases/04_Trade/TC_04010002_ChooseMethodPaymentPulsa/TC_04010002_01_ChooseMethodPayment_Mandiri_Kartu_Kredit" classname="Test Cases/04_Trade/TC_04010002_ChooseMethodPaymentPulsa/TC_04010002_01_ChooseMethodPayment_Mandiri_Kartu_Kredit" status="PASSED">
         <system-out><![CDATA[2018-10-09 16:08:12 - [TEST_CASE][PASSED] - Test Cases/04_Trade/TC_04010002_ChooseMethodPaymentPulsa/TC_04010002_01_ChooseMethodPayment_Mandiri_Kartu_Kredit: Test Cases/04_Trade/TC_04010002_ChooseMethodPaymentPulsa/TC_04010002_01_ChooseMethodPayment_Mandiri_Kartu_Kredit

2018-10-09 16:08:12 - [TEST_STEP][PASSED] - click: Object: 'Object Repository/SC_04010002_Trade_PaymentMethod/RadioButtonPaymentMethodPulsa/Rb_1_Mandiri_Kartu_Kredit' is clicked on

2018-10-09 16:08:13 - [MESSAGE][PASSED] - Object: 'Object Repository/SC_04010002_Trade_PaymentMethod/RadioButtonPaymentMethodPulsa/Rb_1_Mandiri_Kartu_Kredit' is clicked on

2018-10-09 16:08:13 - [TEST_STEP][PASSED] - Statement - paymentMethod = "Mandiri " + com.kms.katalon.core.webui.keyword.WebUiBuiltInKeywords.getText(com.kms.katalon.core.testobject.ObjectRepository.findTestObject(SC_04010002_Trade_PaymentMethod/LabelPaymentMethodPulsa/label_Mandiri Kartu Kredit)): Text of object 'Object Repository/SC_04010002_Trade_PaymentMethod/LabelPaymentMethodPulsa/label_Mandiri Kartu Kredit' is: 'Kartu Kredit'

2018-10-09 16:08:13 - [MESSAGE][PASSED] - Text of object 'Object Repository/SC_04010002_Trade_PaymentMethod/LabelPaymentMethodPulsa/label_Mandiri Kartu Kredit' is: 'Kartu Kredit'

2018-10-09 16:08:13 - [TEST_STEP][PASSED] - blj.common.report.Autoplaced.AppendToBlanjaAutoplacedReport: blj.common.report.Autoplaced.AppendToBlanjaAutoplacedReport is PASSED

2018-10-09 16:08:13 - [MESSAGE][PASSED] - blj.common.report.Autoplaced.AppendToBlanjaAutoplacedReport is PASSED]]></system-out>
         <system-err><![CDATA[]]></system-err>
      </testcase>
      <testcase name="Test Cases/04_Trade/TC_04010003_ClickCheckout_GetLastOrderID_ExportTo_Blanja_Autoplaced" classname="Test Cases/04_Trade/TC_04010003_ClickCheckout_GetLastOrderID_ExportTo_Blanja_Autoplaced" status="PASSED">
         <system-out><![CDATA[2018-10-09 16:08:13 - [TEST_CASE][PASSED] - Test Cases/04_Trade/TC_04010003_ClickCheckout_GetLastOrderID_ExportTo_Blanja_Autoplaced: Test Cases/04_Trade/TC_04010003_ClickCheckout_GetLastOrderID_ExportTo_Blanja_Autoplaced

2018-10-09 16:08:13 - [TEST_STEP][PASSED] - click: Object: 'Object Repository/SC_04010002_Trade_PaymentMethod/input_checkOut' is clicked on

2018-10-09 16:08:16 - [MESSAGE][PASSED] - Object: 'Object Repository/SC_04010002_Trade_PaymentMethod/input_checkOut' is clicked on

2018-10-09 16:08:16 - [TEST_STEP][PASSED] - navigateToUrl: Navigate to 'https://member.blanja.com/trades/orderList.html' successfully

2018-10-09 16:08:18 - [MESSAGE][PASSED] - Navigate to 'https://member.blanja.com/trades/orderList.html' successfully

2018-10-09 16:08:18 - [TEST_STEP][PASSED] - Statement - orderNumber = " - " + com.kms.katalon.core.webui.keyword.WebUiBuiltInKeywords.getText(com.kms.katalon.core.testobject.ObjectRepository.findTestObject(SC_02010003_Member_BlanjaanSaya/Label_FirstOrderNumber)): Text of object 'Object Repository/SC_02010003_Member_BlanjaanSaya/Label_FirstOrderNumber' is: 'Nomor Pemesanan :418676007386723019'

2018-10-09 16:08:18 - [MESSAGE][PASSED] - Text of object 'Object Repository/SC_02010003_Member_BlanjaanSaya/Label_FirstOrderNumber' is: 'Nomor Pemesanan :418676007386723019'

2018-10-09 16:08:18 - [TEST_STEP][PASSED] - blj.common.report.Autoplaced.AppendToBlanjaAutoplacedReport: blj.common.report.Autoplaced.AppendToBlanjaAutoplacedReport is PASSED

2018-10-09 16:08:18 - [MESSAGE][PASSED] - blj.common.report.Autoplaced.AppendToBlanjaAutoplacedReport is PASSED]]></system-out>
         <system-err><![CDATA[]]></system-err>
      </testcase>
      <system-out><![CDATA[2018-10-09 16:06:48 - [TEST_SUITE][PASSED] - TS_02_Autoplaced_Mandiri_Kartu Kredit: Test Cases/04_Trade/TC_04010003_ClickCheckout_GetLastOrderID_ExportTo_Blanja_Autoplaced]]></system-out>
      <system-err><![CDATA[]]></system-err>
   </testsuite>
</testsuites>
