<?xml version="1.0" encoding="UTF-8"?>
<testsuites name="TS_03_Autoplaced_Mandiri_Clickpay" time="29" tests="5" failures="0" errors="0">
   <testsuite name="TS_03_Autoplaced_Mandiri_Clickpay" tests="5" failures="0" errors="0" time="29" timestamp="2018-10-08 15:45:08" hostname="cipta.andhika - CIPTA-E460.ad.metraplasa.co.id" id="Test Suites/Test Suites/TS_01_Autoplaced/TS_03_Autoplaced_Mandiri_Clickpay">
      <properties>
         <property name="deviceName" value=""/>
         <property name="devicePlatform" value=""/>
         <property name="logFolder" value="C:\\Users\\cipta.andhika\\Katalon Studio\\blanja.test\\blanja.test\\Reports\\Test Suites\\TS_01_Autoplaced\\TS_03_Autoplaced_Mandiri_Clickpay\\20181008_154506"/>
         <property name="logFiles" value="C:\\Users\\cipta.andhika\\Katalon Studio\\blanja.test\\blanja.test\\Reports\\Test Suites\\TS_01_Autoplaced\\TS_03_Autoplaced_Mandiri_Clickpay\\20181008_154506\\execution0.log"/>
         <property name="attachments" value=""/>
         <property name="hostName" value="cipta.andhika - CIPTA-E460.ad.metraplasa.co.id"/>
         <property name="os" value="Windows 10 64bit"/>
         <property name="katalonVersion" value="5.7.1.1"/>
         <property name="browser" value="Chrome 69.0.3497.100"/>
         <property name="hostAddress" value="10.10.99.244"/>
         <property name="sessionId" value="a611f0c3e724ea03bb5665ecaec877c9"/>
         <property name="seleniumVersion" value="3.7.1"/>
         <property name="proxyInformation" value="ProxyInformation{proxyOption=NO_PROXY, proxyServerType=HTTP, password=, proxyServerAddress=, proxyServerPort=0}"/>
         <property name="platform" value="Windows 10"/>
      </properties>
      <testcase name="Test Cases/02_Member/TC_02010001_Member_Login" classname="Test Cases/02_Member/TC_02010001_Member_Login" status="PASSED">
         <system-out><![CDATA[2018-10-08 15:45:08 - [TEST_CASE][PASSED] - Test Cases/02_Member/TC_02010001_Member_Login: Test Cases/02_Member/TC_02010001_Member_Login

2018-10-08 15:45:09 - [TEST_STEP][PASSED] - openBrowser: Browser is opened with url: ''

2018-10-08 15:45:12 - [MESSAGE][PASSED] - Browser is opened with url: ''

2018-10-08 15:45:12 - [TEST_STEP][PASSED] - maximizeWindow: Current window maximized

2018-10-08 15:45:14 - [MESSAGE][PASSED] - Current window maximized

2018-10-08 15:45:14 - [TEST_STEP][PASSED] - navigateToUrl: Navigate to 'https://member.blanja.com/member/login' successfully

2018-10-08 15:45:15 - [MESSAGE][PASSED] - Navigate to 'https://member.blanja.com/member/login' successfully

2018-10-08 15:45:15 - [TEST_STEP][PASSED] - setText: Text 'testblj2' is set on object 'Object Repository/SC_01010001_Mainsite/SC_02010001_Member_Login/input_nick'

2018-10-08 15:45:16 - [MESSAGE][PASSED] - Text 'testblj2' is set on object 'Object Repository/SC_01010001_Mainsite/SC_02010001_Member_Login/input_nick'

2018-10-08 15:45:16 - [TEST_STEP][PASSED] - setText: Text '123qwe' is set on object 'Object Repository/SC_01010001_Mainsite/SC_02010001_Member_Login/input_password'

2018-10-08 15:45:16 - [MESSAGE][PASSED] - Text '123qwe' is set on object 'Object Repository/SC_01010001_Mainsite/SC_02010001_Member_Login/input_password'

2018-10-08 15:45:16 - [TEST_STEP][PASSED] - click: Object: 'Object Repository/SC_01010001_Mainsite/SC_02010001_Member_Login/a_Masuk' is clicked on

2018-10-08 15:45:22 - [MESSAGE][PASSED] - Object: 'Object Repository/SC_01010001_Mainsite/SC_02010001_Member_Login/a_Masuk' is clicked on]]></system-out>
         <system-err><![CDATA[]]></system-err>
      </testcase>
      <testcase name="Test Cases/03_Product/TC_03010001_Product_GoToPDPUrl_CloseGojekSuppoer_ClickBlanjaSekarang" classname="Test Cases/03_Product/TC_03010001_Product_GoToPDPUrl_CloseGojekSuppoer_ClickBlanjaSekarang" status="PASSED">
         <system-out><![CDATA[2018-10-08 15:45:22 - [TEST_CASE][PASSED] - Test Cases/03_Product/TC_03010001_Product_GoToPDPUrl_CloseGojekSuppoer_ClickBlanjaSekarang: Test Cases/03_Product/TC_03010001_Product_GoToPDPUrl_CloseGojekSuppoer_ClickBlanjaSekarang

2018-10-08 15:45:22 - [TEST_STEP][PASSED] - navigateToUrl: Navigate to 'https://item.blanja.com/item/jual-beli-lux-sakura-17816451' successfully

2018-10-08 15:45:25 - [MESSAGE][PASSED] - Navigate to 'https://item.blanja.com/item/jual-beli-lux-sakura-17816451' successfully

2018-10-08 15:45:25 - [TEST_STEP][PASSED] - click: Object: 'Object Repository/SC_03010001_Product_PDP/i_x_button_TersediaLayananExpress' is clicked on

2018-10-08 15:45:25 - [MESSAGE][PASSED] - Object: 'Object Repository/SC_03010001_Product_PDP/i_x_button_TersediaLayananExpress' is clicked on

2018-10-08 15:45:25 - [TEST_STEP][PASSED] - click: Object: 'Object Repository/SC_03010001_Product_PDP/span_Blanja sekarang' is clicked on

2018-10-08 15:45:26 - [MESSAGE][PASSED] - Object: 'Object Repository/SC_03010001_Product_PDP/span_Blanja sekarang' is clicked on]]></system-out>
         <system-err><![CDATA[]]></system-err>
      </testcase>
      <testcase name="Test Cases/04_Trade/TC_04010001_GoToOrderConfirmUrl_SelectKurirStandard_ClickCheckout" classname="Test Cases/04_Trade/TC_04010001_GoToOrderConfirmUrl_SelectKurirStandard_ClickCheckout" status="PASSED">
         <system-out><![CDATA[2018-10-08 15:45:26 - [TEST_CASE][PASSED] - Test Cases/04_Trade/TC_04010001_GoToOrderConfirmUrl_SelectKurirStandard_ClickCheckout: Test Cases/04_Trade/TC_04010001_GoToOrderConfirmUrl_SelectKurirStandard_ClickCheckout

2018-10-08 15:45:26 - [TEST_STEP][PASSED] - selectOptionByValue: All options with value 'Kurir Standar' are selected in object 'Object Repository/SC_04010001_Trade_OrderConfirm/select_Pilih Jasa PengirimanKu'  using regular expression

2018-10-08 15:45:28 - [MESSAGE][PASSED] - All options with value 'Kurir Standar' are selected in object 'Object Repository/SC_04010001_Trade_OrderConfirm/select_Pilih Jasa PengirimanKu'  using regular expression

2018-10-08 15:45:28 - [TEST_STEP][PASSED] - click: Object: 'Object Repository/SC_04010001_Trade_OrderConfirm/input_checkOut' is clicked on

2018-10-08 15:45:28 - [MESSAGE][PASSED] - Object: 'Object Repository/SC_04010001_Trade_OrderConfirm/input_checkOut' is clicked on]]></system-out>
         <system-err><![CDATA[]]></system-err>
      </testcase>
      <testcase name="Test Cases/04_Trade/TC_04010002_ChooseMethodPayment/TC_04010002_03_ChooseMethodPayment_Mandiri_Kartu_Kredit_Cicilan" classname="Test Cases/04_Trade/TC_04010002_ChooseMethodPayment/TC_04010002_03_ChooseMethodPayment_Mandiri_Kartu_Kredit_Cicilan" status="PASSED">
         <system-out><![CDATA[2018-10-08 15:45:28 - [TEST_CASE][PASSED] - Test Cases/04_Trade/TC_04010002_ChooseMethodPayment/TC_04010002_03_ChooseMethodPayment_Mandiri_Kartu_Kredit_Cicilan: Test Cases/04_Trade/TC_04010002_ChooseMethodPayment/TC_04010002_03_ChooseMethodPayment_Mandiri_Kartu_Kredit_Cicilan

2018-10-08 15:45:28 - [TEST_STEP][PASSED] - click: Object: 'Object Repository/SC_04010002_Trade_PaymentMethod/RadioButtonPaymentMethod/rb_03_mandiri_Kartu_Kredit_Cicilan' is clicked on

2018-10-08 15:45:32 - [MESSAGE][PASSED] - Object: 'Object Repository/SC_04010002_Trade_PaymentMethod/RadioButtonPaymentMethod/rb_03_mandiri_Kartu_Kredit_Cicilan' is clicked on

2018-10-08 15:45:32 - [TEST_STEP][PASSED] - Statement - paymentMethod = "Mandiri " + com.kms.katalon.core.webui.keyword.WebUiBuiltInKeywords.getText(com.kms.katalon.core.testobject.ObjectRepository.findTestObject(SC_04010002_Trade_PaymentMethod/LabelPaymentMethod/label_Mandiri Kartu Kredit Cicilan)): Text of object 'Object Repository/SC_04010002_Trade_PaymentMethod/LabelPaymentMethod/label_Mandiri Kartu Kredit Cicilan' is: 'Kartu Kredit Cicilan'

2018-10-08 15:45:32 - [MESSAGE][PASSED] - Text of object 'Object Repository/SC_04010002_Trade_PaymentMethod/LabelPaymentMethod/label_Mandiri Kartu Kredit Cicilan' is: 'Kartu Kredit Cicilan'

2018-10-08 15:45:32 - [TEST_STEP][PASSED] - blj.common.report.Autoplaced.AppendToBlanjaAutoplacedReport: blj.common.report.Autoplaced.AppendToBlanjaAutoplacedReport is PASSED

2018-10-08 15:45:32 - [MESSAGE][PASSED] - blj.common.report.Autoplaced.AppendToBlanjaAutoplacedReport is PASSED]]></system-out>
         <system-err><![CDATA[]]></system-err>
      </testcase>
      <testcase name="Test Cases/04_Trade/TC_04010003_ClickCheckout_GetLastOrderID_ExportTo_Blanja_Autoplaced" classname="Test Cases/04_Trade/TC_04010003_ClickCheckout_GetLastOrderID_ExportTo_Blanja_Autoplaced" status="PASSED">
         <system-out><![CDATA[2018-10-08 15:45:32 - [TEST_CASE][PASSED] - Test Cases/04_Trade/TC_04010003_ClickCheckout_GetLastOrderID_ExportTo_Blanja_Autoplaced: Test Cases/04_Trade/TC_04010003_ClickCheckout_GetLastOrderID_ExportTo_Blanja_Autoplaced

2018-10-08 15:45:33 - [TEST_STEP][PASSED] - click: Object: 'Object Repository/SC_04010002_Trade_PaymentMethod/input_checkOut' is clicked on

2018-10-08 15:45:33 - [MESSAGE][PASSED] - Object: 'Object Repository/SC_04010002_Trade_PaymentMethod/input_checkOut' is clicked on

2018-10-08 15:45:33 - [TEST_STEP][PASSED] - navigateToUrl: Navigate to 'https://member.blanja.com/trades/orderList.html' successfully

2018-10-08 15:45:36 - [MESSAGE][PASSED] - Navigate to 'https://member.blanja.com/trades/orderList.html' successfully

2018-10-08 15:45:36 - [TEST_STEP][PASSED] - Statement - orderNumber = " - " + com.kms.katalon.core.webui.keyword.WebUiBuiltInKeywords.getText(com.kms.katalon.core.testobject.ObjectRepository.findTestObject(SC_02010003_Member_BlanjaanSaya/Label_FirstOrderNumber)): Text of object 'Object Repository/SC_02010003_Member_BlanjaanSaya/Label_FirstOrderNumber' is: 'Nomor Pemesanan :418673545295695019'

2018-10-08 15:45:37 - [MESSAGE][PASSED] - Text of object 'Object Repository/SC_02010003_Member_BlanjaanSaya/Label_FirstOrderNumber' is: 'Nomor Pemesanan :418673545295695019'

2018-10-08 15:45:37 - [TEST_STEP][PASSED] - blj.common.report.Autoplaced.AppendToBlanjaAutoplacedReport: blj.common.report.Autoplaced.AppendToBlanjaAutoplacedReport is PASSED

2018-10-08 15:45:37 - [MESSAGE][PASSED] - blj.common.report.Autoplaced.AppendToBlanjaAutoplacedReport is PASSED]]></system-out>
         <system-err><![CDATA[]]></system-err>
      </testcase>
      <system-out><![CDATA[2018-10-08 15:45:08 - [TEST_SUITE][PASSED] - TS_03_Autoplaced_Mandiri_Clickpay: Test Cases/04_Trade/TC_04010003_ClickCheckout_GetLastOrderID_ExportTo_Blanja_Autoplaced]]></system-out>
      <system-err><![CDATA[]]></system-err>
   </testsuite>
</testsuites>
