<?xml version="1.0" encoding="UTF-8"?>
<testsuites name="TS_25_Autoplaced_Debit_Online" time="38" tests="3" failures="0" errors="0">
   <testsuite name="TS_25_Autoplaced_Debit_Online" tests="3" failures="0" errors="0" time="38" timestamp="2018-10-10 11:54:52" hostname="cipta.andhika - CIPTA-E460.ad.metraplasa.co.id" id="Test Suites/Test Suites/TS_02_Autoplaced Pulsa/TS_25_Autoplaced_Debit_Online">
      <properties>
         <property name="deviceName" value=""/>
         <property name="devicePlatform" value=""/>
         <property name="logFolder" value="C:\\Users\\cipta.andhika\\Katalon Studio\\blanja.test\\blanja.test\\Reports\\Test Suites\\TS_02_Autoplaced Pulsa\\TS_25_Autoplaced_Debit_Online\\20181010_113534"/>
         <property name="logFiles" value="C:\\Users\\cipta.andhika\\Katalon Studio\\blanja.test\\blanja.test\\Reports\\Test Suites\\TS_02_Autoplaced Pulsa\\TS_25_Autoplaced_Debit_Online\\20181010_113534\\execution0.log"/>
         <property name="attachments" value=""/>
         <property name="hostName" value="cipta.andhika - CIPTA-E460.ad.metraplasa.co.id"/>
         <property name="os" value="Windows 10 64bit"/>
         <property name="katalonVersion" value="5.8.0.1"/>
         <property name="browser" value="Chrome 69.0.3497.100"/>
         <property name="hostAddress" value="172.16.31.128"/>
         <property name="sessionId" value="41ac2467187e865b426a12cd9e6d0ecb"/>
         <property name="seleniumVersion" value="3.7.1"/>
         <property name="proxyInformation" value="ProxyInformation{proxyOption=NO_PROXY, proxyServerType=HTTP, password=, proxyServerAddress=, proxyServerPort=0}"/>
         <property name="platform" value="Windows 10"/>
      </properties>
      <testcase name="Test Cases/10_Test Case Besar Pulsa/Pulsa" classname="Test Cases/10_Test Case Besar Pulsa/Pulsa" status="PASSED">
         <system-out><![CDATA[2018-10-10 11:54:52 - [TEST_CASE][PASSED] - Test Cases/10_Test Case Besar Pulsa/Pulsa: Test Cases/10_Test Case Besar Pulsa/Pulsa

2018-10-10 11:54:53 - [TEST_STEP][PASSED] - callTestCase: Call Test Case 'Test Cases/02_Member/TC_02010001_Member_Login' successfully

2018-10-10 11:54:53 - [TEST_CASE][PASSED] - Test Cases/02_Member/TC_02010001_Member_Login: Test Cases/02_Member/TC_02010001_Member_Login

2018-10-10 11:54:53 - [TEST_STEP][PASSED] - openBrowser: Browser is opened with url: ''

2018-10-10 11:54:56 - [MESSAGE][PASSED] - Browser is opened with url: ''

2018-10-10 11:54:56 - [TEST_STEP][PASSED] - maximizeWindow: Current window maximized

2018-10-10 11:54:57 - [MESSAGE][PASSED] - Current window maximized

2018-10-10 11:54:57 - [TEST_STEP][PASSED] - navigateToUrl: Navigate to 'https://member.blanja.com/member/login' successfully

2018-10-10 11:54:59 - [MESSAGE][PASSED] - Navigate to 'https://member.blanja.com/member/login' successfully

2018-10-10 11:54:59 - [TEST_STEP][PASSED] - setText: Text 'testblj2' is set on object 'Object Repository/SC_01010001_Mainsite/SC_02010001_Member_Login/input_nick'

2018-10-10 11:54:59 - [MESSAGE][PASSED] - Text 'testblj2' is set on object 'Object Repository/SC_01010001_Mainsite/SC_02010001_Member_Login/input_nick'

2018-10-10 11:54:59 - [TEST_STEP][PASSED] - setText: Text '123qwe' is set on object 'Object Repository/SC_01010001_Mainsite/SC_02010001_Member_Login/input_password'

2018-10-10 11:54:59 - [MESSAGE][PASSED] - Text '123qwe' is set on object 'Object Repository/SC_01010001_Mainsite/SC_02010001_Member_Login/input_password'

2018-10-10 11:54:59 - [TEST_STEP][PASSED] - click: Object: 'Object Repository/SC_01010001_Mainsite/SC_02010001_Member_Login/a_Masuk' is clicked on

2018-10-10 11:55:05 - [MESSAGE][PASSED] - Object: 'Object Repository/SC_01010001_Mainsite/SC_02010001_Member_Login/a_Masuk' is clicked on

2018-10-10 11:55:05 - [MESSAGE][PASSED] - Call Test Case 'Test Cases/02_Member/TC_02010001_Member_Login' successfully

2018-10-10 11:55:05 - [TEST_STEP][PASSED] - delay: Delayed 4 second(s)

2018-10-10 11:55:09 - [MESSAGE][PASSED] - Delayed 4 second(s)

2018-10-10 11:55:09 - [TEST_STEP][PASSED] - click: Object: 'Object Repository/SC_Close Popup Iklan/Close Iklan' is clicked on

2018-10-10 11:55:09 - [MESSAGE][PASSED] - Object: 'Object Repository/SC_Close Popup Iklan/Close Iklan' is clicked on

2018-10-10 11:55:09 - [TEST_STEP][PASSED] - delay: Delayed 2 second(s)

2018-10-10 11:55:11 - [MESSAGE][PASSED] - Delayed 2 second(s)

2018-10-10 11:55:11 - [TEST_STEP][PASSED] - click: Object: 'Object Repository/SC_Close Popup Iklan/Close Iklan Pelajari Blanja' is clicked on

2018-10-10 11:55:11 - [MESSAGE][PASSED] - Object: 'Object Repository/SC_Close Popup Iklan/Close Iklan Pelajari Blanja' is clicked on

2018-10-10 11:55:11 - [TEST_STEP][PASSED] - delay: Delayed 2 second(s)

2018-10-10 11:55:13 - [MESSAGE][PASSED] - Delayed 2 second(s)

2018-10-10 11:55:13 - [TEST_STEP][PASSED] - setText: Text '081289138338' is set on object 'Object Repository/SC_Pulsa/Nomor handphone'

2018-10-10 11:55:14 - [MESSAGE][PASSED] - Text '081289138338' is set on object 'Object Repository/SC_Pulsa/Nomor handphone'

2018-10-10 11:55:14 - [TEST_STEP][PASSED] - delay: Delayed 3 second(s)

2018-10-10 11:55:17 - [MESSAGE][PASSED] - Delayed 3 second(s)

2018-10-10 11:55:17 - [TEST_STEP][PASSED] - click: Object: 'Object Repository/SC_Pulsa/Pilih Nominal' is clicked on

2018-10-10 11:55:17 - [MESSAGE][PASSED] - Object: 'Object Repository/SC_Pulsa/Pilih Nominal' is clicked on

2018-10-10 11:55:17 - [TEST_STEP][PASSED] - delay: Delayed 2 second(s)

2018-10-10 11:55:19 - [MESSAGE][PASSED] - Delayed 2 second(s)

2018-10-10 11:55:19 - [TEST_STEP][PASSED] - click: Object: 'Object Repository/SC_Pulsa/Nominal' is clicked on

2018-10-10 11:55:19 - [MESSAGE][PASSED] - Object: 'Object Repository/SC_Pulsa/Nominal' is clicked on

2018-10-10 11:55:19 - [TEST_STEP][PASSED] - delay: Delayed 2 second(s)

2018-10-10 11:55:21 - [MESSAGE][PASSED] - Delayed 2 second(s)

2018-10-10 11:55:21 - [TEST_STEP][PASSED] - click: Object: 'Object Repository/SC_Pulsa/Button Blanja Sekarang' is clicked on

2018-10-10 11:55:24 - [MESSAGE][PASSED] - Object: 'Object Repository/SC_Pulsa/Button Blanja Sekarang' is clicked on

2018-10-10 11:55:24 - [TEST_STEP][PASSED] - delay: Delayed 2 second(s)

2018-10-10 11:55:26 - [MESSAGE][PASSED] - Delayed 2 second(s)]]></system-out>
         <system-err><![CDATA[]]></system-err>
      </testcase>
      <testcase name="Test Cases/04_Trade/TC_04010002_ChooseMethodPayment/TC_04010002_23_ChooseMethodPayment_Debit_Online" classname="Test Cases/04_Trade/TC_04010002_ChooseMethodPayment/TC_04010002_23_ChooseMethodPayment_Debit_Online" status="PASSED">
         <system-out><![CDATA[2018-10-10 11:55:26 - [TEST_CASE][PASSED] - Test Cases/04_Trade/TC_04010002_ChooseMethodPayment/TC_04010002_23_ChooseMethodPayment_Debit_Online: Test Cases/04_Trade/TC_04010002_ChooseMethodPayment/TC_04010002_23_ChooseMethodPayment_Debit_Online

2018-10-10 11:55:26 - [TEST_STEP][PASSED] - click: Object: 'Object Repository/SC_04010002_Trade_PaymentMethod/RadioButtonPaymentMethod/rb_23_CIMBNiagaPermata_Debit_Online' is clicked on

2018-10-10 11:55:26 - [MESSAGE][PASSED] - Object: 'Object Repository/SC_04010002_Trade_PaymentMethod/RadioButtonPaymentMethod/rb_23_CIMBNiagaPermata_Debit_Online' is clicked on

2018-10-10 11:55:26 - [TEST_STEP][PASSED] - Statement - paymentMethod = com.kms.katalon.core.webui.keyword.WebUiBuiltInKeywords.getText(com.kms.katalon.core.testobject.ObjectRepository.findTestObject(SC_04010002_Trade_PaymentMethod/LabelPaymentMethod/label_Debit Online)): Text of object 'Object Repository/SC_04010002_Trade_PaymentMethod/LabelPaymentMethod/label_Debit Online' is: 'Debit Online'

2018-10-10 11:55:26 - [MESSAGE][PASSED] - Text of object 'Object Repository/SC_04010002_Trade_PaymentMethod/LabelPaymentMethod/label_Debit Online' is: 'Debit Online'

2018-10-10 11:55:26 - [TEST_STEP][PASSED] - blj.common.report.Autoplaced.AppendToBlanjaAutoplacedReport: blj.common.report.Autoplaced.AppendToBlanjaAutoplacedReport is PASSED

2018-10-10 11:55:26 - [MESSAGE][PASSED] - blj.common.report.Autoplaced.AppendToBlanjaAutoplacedReport is PASSED]]></system-out>
         <system-err><![CDATA[]]></system-err>
      </testcase>
      <testcase name="Test Cases/04_Trade/TC_04010003_ClickCheckout_GetLastOrderID_ExportTo_Blanja_Autoplaced" classname="Test Cases/04_Trade/TC_04010003_ClickCheckout_GetLastOrderID_ExportTo_Blanja_Autoplaced" status="PASSED">
         <system-out><![CDATA[2018-10-10 11:55:26 - [TEST_CASE][PASSED] - Test Cases/04_Trade/TC_04010003_ClickCheckout_GetLastOrderID_ExportTo_Blanja_Autoplaced: Test Cases/04_Trade/TC_04010003_ClickCheckout_GetLastOrderID_ExportTo_Blanja_Autoplaced

2018-10-10 11:55:26 - [TEST_STEP][PASSED] - click: Object: 'Object Repository/SC_04010002_Trade_PaymentMethod/input_checkOut' is clicked on

2018-10-10 11:55:28 - [MESSAGE][PASSED] - Object: 'Object Repository/SC_04010002_Trade_PaymentMethod/input_checkOut' is clicked on

2018-10-10 11:55:28 - [TEST_STEP][PASSED] - navigateToUrl: Navigate to 'https://member.blanja.com/trades/orderList.html' successfully

2018-10-10 11:55:30 - [MESSAGE][PASSED] - Navigate to 'https://member.blanja.com/trades/orderList.html' successfully

2018-10-10 11:55:30 - [TEST_STEP][PASSED] - Statement - orderNumber = " - " + com.kms.katalon.core.webui.keyword.WebUiBuiltInKeywords.getText(com.kms.katalon.core.testobject.ObjectRepository.findTestObject(SC_02010003_Member_BlanjaanSaya/Label_FirstOrderNumber)): Text of object 'Object Repository/SC_02010003_Member_BlanjaanSaya/Label_FirstOrderNumber' is: 'Nomor Pemesanan :418677955219023019'

2018-10-10 11:55:30 - [MESSAGE][PASSED] - Text of object 'Object Repository/SC_02010003_Member_BlanjaanSaya/Label_FirstOrderNumber' is: 'Nomor Pemesanan :418677955219023019'

2018-10-10 11:55:30 - [TEST_STEP][PASSED] - blj.common.report.Autoplaced.AppendToBlanjaAutoplacedReport: blj.common.report.Autoplaced.AppendToBlanjaAutoplacedReport is PASSED

2018-10-10 11:55:30 - [MESSAGE][PASSED] - blj.common.report.Autoplaced.AppendToBlanjaAutoplacedReport is PASSED]]></system-out>
         <system-err><![CDATA[]]></system-err>
      </testcase>
      <system-out><![CDATA[2018-10-10 11:54:52 - [TEST_SUITE][PASSED] - TS_25_Autoplaced_Debit_Online: Test Cases/04_Trade/TC_04010003_ClickCheckout_GetLastOrderID_ExportTo_Blanja_Autoplaced]]></system-out>
      <system-err><![CDATA[]]></system-err>
   </testsuite>
</testsuites>
