<?xml version="1.0" encoding="UTF-8"?>
<testsuites name="TS_21_Autoplaced_Finpay_TMoney" time="34" tests="3" failures="0" errors="0">
   <testsuite name="TS_21_Autoplaced_Finpay_TMoney" tests="3" failures="0" errors="0" time="34" timestamp="2018-10-11 17:29:33" hostname="cipta.andhika - CIPTA-E460.ad.metraplasa.co.id" id="Test Suites/Test Suites/TS_02_Autoplaced Pulsa/TS_21_Autoplaced_Finpay_TMoney">
      <properties>
         <property name="deviceName" value=""/>
         <property name="devicePlatform" value=""/>
         <property name="logFolder" value="C:\\Users\\cipta.andhika\\Katalon Studio\\blanja.test\\blanja.test\\Reports\\Test Suites\\TS_02_Autoplaced Pulsa\\TS_21_Autoplaced_Finpay_TMoney\\20181011_171651"/>
         <property name="logFiles" value="C:\\Users\\cipta.andhika\\Katalon Studio\\blanja.test\\blanja.test\\Reports\\Test Suites\\TS_02_Autoplaced Pulsa\\TS_21_Autoplaced_Finpay_TMoney\\20181011_171651\\execution0.log"/>
         <property name="attachments" value=""/>
         <property name="hostName" value="cipta.andhika - CIPTA-E460.ad.metraplasa.co.id"/>
         <property name="os" value="Windows 10 64bit"/>
         <property name="katalonVersion" value="5.8.0.1"/>
         <property name="browser" value="Chrome 69.0.3497.100"/>
         <property name="hostAddress" value="10.10.99.244"/>
         <property name="sessionId" value="8923c36db7620fb399e7559906274fe2"/>
         <property name="seleniumVersion" value="3.7.1"/>
         <property name="proxyInformation" value="ProxyInformation{proxyOption=NO_PROXY, proxyServerType=HTTP, password=, proxyServerAddress=, proxyServerPort=0}"/>
         <property name="platform" value="Windows 10"/>
      </properties>
      <testcase name="Test Cases/10_Test Case Besar Pulsa/Pulsa" classname="Test Cases/10_Test Case Besar Pulsa/Pulsa" status="PASSED">
         <system-out><![CDATA[2018-10-11 17:29:34 - [TEST_CASE][PASSED] - Test Cases/10_Test Case Besar Pulsa/Pulsa: Test Cases/10_Test Case Besar Pulsa/Pulsa

2018-10-11 17:29:34 - [TEST_STEP][PASSED] - callTestCase: Call Test Case 'Test Cases/02_Member/TC_02010001_Member_Login' successfully

2018-10-11 17:29:34 - [TEST_CASE][PASSED] - Test Cases/02_Member/TC_02010001_Member_Login: Test Cases/02_Member/TC_02010001_Member_Login

2018-10-11 17:29:34 - [TEST_STEP][PASSED] - openBrowser: Browser is opened with url: ''

2018-10-11 17:29:38 - [MESSAGE][PASSED] - Browser is opened with url: ''

2018-10-11 17:29:38 - [TEST_STEP][PASSED] - maximizeWindow: Current window maximized

2018-10-11 17:29:39 - [MESSAGE][PASSED] - Current window maximized

2018-10-11 17:29:39 - [TEST_STEP][PASSED] - navigateToUrl: Navigate to 'https://member.blanja.com/member/login' successfully

2018-10-11 17:29:40 - [MESSAGE][PASSED] - Navigate to 'https://member.blanja.com/member/login' successfully

2018-10-11 17:29:40 - [TEST_STEP][PASSED] - setText: Text 'testblj2' is set on object 'Object Repository/SC_01010001_Mainsite/SC_02010001_Member_Login/input_nick'

2018-10-11 17:29:40 - [MESSAGE][PASSED] - Text 'testblj2' is set on object 'Object Repository/SC_01010001_Mainsite/SC_02010001_Member_Login/input_nick'

2018-10-11 17:29:40 - [TEST_STEP][PASSED] - setText: Text '123qwe' is set on object 'Object Repository/SC_01010001_Mainsite/SC_02010001_Member_Login/input_password'

2018-10-11 17:29:40 - [MESSAGE][PASSED] - Text '123qwe' is set on object 'Object Repository/SC_01010001_Mainsite/SC_02010001_Member_Login/input_password'

2018-10-11 17:29:40 - [TEST_STEP][PASSED] - click: Object: 'Object Repository/SC_01010001_Mainsite/SC_02010001_Member_Login/a_Masuk' is clicked on

2018-10-11 17:29:45 - [MESSAGE][PASSED] - Object: 'Object Repository/SC_01010001_Mainsite/SC_02010001_Member_Login/a_Masuk' is clicked on

2018-10-11 17:29:45 - [MESSAGE][PASSED] - Call Test Case 'Test Cases/02_Member/TC_02010001_Member_Login' successfully

2018-10-11 17:29:45 - [TEST_STEP][PASSED] - delay: Delayed 2 second(s)

2018-10-11 17:29:47 - [MESSAGE][PASSED] - Delayed 2 second(s)

2018-10-11 17:29:47 - [TEST_STEP][PASSED] - click: Object: 'Object Repository/SC_Close Popup Iklan/Close Iklan Pelajari Blanja' is clicked on

2018-10-11 17:29:47 - [MESSAGE][PASSED] - Object: 'Object Repository/SC_Close Popup Iklan/Close Iklan Pelajari Blanja' is clicked on

2018-10-11 17:29:47 - [TEST_STEP][PASSED] - delay: Delayed 2 second(s)

2018-10-11 17:29:49 - [MESSAGE][PASSED] - Delayed 2 second(s)

2018-10-11 17:29:49 - [TEST_STEP][PASSED] - setText: Text '081289138338' is set on object 'Object Repository/SC_Pulsa/Nomor handphone'

2018-10-11 17:29:49 - [MESSAGE][PASSED] - Text '081289138338' is set on object 'Object Repository/SC_Pulsa/Nomor handphone'

2018-10-11 17:29:49 - [TEST_STEP][PASSED] - delay: Delayed 3 second(s)

2018-10-11 17:29:52 - [MESSAGE][PASSED] - Delayed 3 second(s)

2018-10-11 17:29:52 - [TEST_STEP][PASSED] - click: Object: 'Object Repository/SC_Pulsa/Pilih Nominal' is clicked on

2018-10-11 17:29:53 - [MESSAGE][PASSED] - Object: 'Object Repository/SC_Pulsa/Pilih Nominal' is clicked on

2018-10-11 17:29:53 - [TEST_STEP][PASSED] - delay: Delayed 2 second(s)

2018-10-11 17:29:55 - [MESSAGE][PASSED] - Delayed 2 second(s)

2018-10-11 17:29:55 - [TEST_STEP][PASSED] - click: Object: 'Object Repository/SC_Pulsa/Nominal' is clicked on

2018-10-11 17:29:55 - [MESSAGE][PASSED] - Object: 'Object Repository/SC_Pulsa/Nominal' is clicked on

2018-10-11 17:29:55 - [TEST_STEP][PASSED] - delay: Delayed 2 second(s)

2018-10-11 17:29:57 - [MESSAGE][PASSED] - Delayed 2 second(s)

2018-10-11 17:29:57 - [TEST_STEP][PASSED] - click: Object: 'Object Repository/SC_Pulsa/Button Blanja Sekarang' is clicked on

2018-10-11 17:29:59 - [MESSAGE][PASSED] - Object: 'Object Repository/SC_Pulsa/Button Blanja Sekarang' is clicked on

2018-10-11 17:29:59 - [TEST_STEP][PASSED] - delay: Delayed 2 second(s)

2018-10-11 17:30:01 - [MESSAGE][PASSED] - Delayed 2 second(s)]]></system-out>
         <system-err><![CDATA[]]></system-err>
      </testcase>
      <testcase name="Test Cases/04_Trade/TC_04010002_ChooseMethodPayment/TC_04010002_20_ChooseMethodPayment_Finpay_TMoney" classname="Test Cases/04_Trade/TC_04010002_ChooseMethodPayment/TC_04010002_20_ChooseMethodPayment_Finpay_TMoney" status="PASSED">
         <system-out><![CDATA[2018-10-11 17:30:01 - [TEST_CASE][PASSED] - Test Cases/04_Trade/TC_04010002_ChooseMethodPayment/TC_04010002_20_ChooseMethodPayment_Finpay_TMoney: Test Cases/04_Trade/TC_04010002_ChooseMethodPayment/TC_04010002_20_ChooseMethodPayment_Finpay_TMoney

2018-10-11 17:30:01 - [TEST_STEP][PASSED] - click: Object: 'Object Repository/SC_04010002_Trade_PaymentMethod/RadioButtonPaymentMethod/rb_20_Finpay_T_Money' is clicked on

2018-10-11 17:30:01 - [MESSAGE][PASSED] - Object: 'Object Repository/SC_04010002_Trade_PaymentMethod/RadioButtonPaymentMethod/rb_20_Finpay_T_Money' is clicked on

2018-10-11 17:30:01 - [TEST_STEP][PASSED] - Statement - paymentMethod = "Finpay " + com.kms.katalon.core.webui.keyword.WebUiBuiltInKeywords.getText(com.kms.katalon.core.testobject.ObjectRepository.findTestObject(SC_04010002_Trade_PaymentMethod/LabelPaymentMethod/label_Bayar via T-Money)): Text of object 'Object Repository/SC_04010002_Trade_PaymentMethod/LabelPaymentMethod/label_Bayar via T-Money' is: 'Bayar via T-Money'

2018-10-11 17:30:02 - [MESSAGE][PASSED] - Text of object 'Object Repository/SC_04010002_Trade_PaymentMethod/LabelPaymentMethod/label_Bayar via T-Money' is: 'Bayar via T-Money'

2018-10-11 17:30:02 - [TEST_STEP][PASSED] - blj.common.report.Autoplaced.AppendToBlanjaAutoplacedReport: blj.common.report.Autoplaced.AppendToBlanjaAutoplacedReport is PASSED

2018-10-11 17:30:02 - [MESSAGE][PASSED] - blj.common.report.Autoplaced.AppendToBlanjaAutoplacedReport is PASSED]]></system-out>
         <system-err><![CDATA[]]></system-err>
      </testcase>
      <testcase name="Test Cases/04_Trade/TC_04010003_ClickCheckout_GetLastOrderID_ExportTo_Blanja_Autoplaced" classname="Test Cases/04_Trade/TC_04010003_ClickCheckout_GetLastOrderID_ExportTo_Blanja_Autoplaced" status="PASSED">
         <system-out><![CDATA[2018-10-11 17:30:02 - [TEST_CASE][PASSED] - Test Cases/04_Trade/TC_04010003_ClickCheckout_GetLastOrderID_ExportTo_Blanja_Autoplaced: Test Cases/04_Trade/TC_04010003_ClickCheckout_GetLastOrderID_ExportTo_Blanja_Autoplaced

2018-10-11 17:30:02 - [TEST_STEP][PASSED] - click: Object: 'Object Repository/SC_04010002_Trade_PaymentMethod/input_checkOut' is clicked on

2018-10-11 17:30:06 - [MESSAGE][PASSED] - Object: 'Object Repository/SC_04010002_Trade_PaymentMethod/input_checkOut' is clicked on

2018-10-11 17:30:06 - [TEST_STEP][PASSED] - navigateToUrl: Navigate to 'https://member.blanja.com/trades/orderList.html' successfully

2018-10-11 17:30:07 - [MESSAGE][PASSED] - Navigate to 'https://member.blanja.com/trades/orderList.html' successfully

2018-10-11 17:30:07 - [TEST_STEP][PASSED] - Statement - orderNumber = " - " + com.kms.katalon.core.webui.keyword.WebUiBuiltInKeywords.getText(com.kms.katalon.core.testobject.ObjectRepository.findTestObject(SC_02010003_Member_BlanjaanSaya/Label_FirstOrderNumber)): Text of object 'Object Repository/SC_02010003_Member_BlanjaanSaya/Label_FirstOrderNumber' is: 'Nomor Pemesanan :418680929577023019'

2018-10-11 17:30:07 - [MESSAGE][PASSED] - Text of object 'Object Repository/SC_02010003_Member_BlanjaanSaya/Label_FirstOrderNumber' is: 'Nomor Pemesanan :418680929577023019'

2018-10-11 17:30:07 - [TEST_STEP][PASSED] - blj.common.report.Autoplaced.AppendToBlanjaAutoplacedReport: blj.common.report.Autoplaced.AppendToBlanjaAutoplacedReport is PASSED

2018-10-11 17:30:07 - [MESSAGE][PASSED] - blj.common.report.Autoplaced.AppendToBlanjaAutoplacedReport is PASSED]]></system-out>
         <system-err><![CDATA[]]></system-err>
      </testcase>
      <system-out><![CDATA[2018-10-11 17:29:33 - [TEST_SUITE][PASSED] - TS_21_Autoplaced_Finpay_TMoney: Test Cases/04_Trade/TC_04010003_ClickCheckout_GetLastOrderID_ExportTo_Blanja_Autoplaced]]></system-out>
      <system-err><![CDATA[]]></system-err>
   </testsuite>
</testsuites>
