<?xml version="1.0" encoding="UTF-8"?>
<testsuites name="TS_26_Autoplaced_Indomaret" time="31" tests="3" failures="0" errors="0">
   <testsuite name="TS_26_Autoplaced_Indomaret" tests="3" failures="0" errors="0" time="31" timestamp="2018-10-11 17:32:34" hostname="cipta.andhika - CIPTA-E460.ad.metraplasa.co.id" id="Test Suites/Test Suites/TS_02_Autoplaced Pulsa/TS_26_Autoplaced_Indomaret">
      <properties>
         <property name="deviceName" value=""/>
         <property name="devicePlatform" value=""/>
         <property name="logFolder" value="C:\\Users\\cipta.andhika\\Katalon Studio\\blanja.test\\blanja.test\\Reports\\Test Suites\\TS_02_Autoplaced Pulsa\\TS_26_Autoplaced_Indomaret\\20181011_171651"/>
         <property name="logFiles" value="C:\\Users\\cipta.andhika\\Katalon Studio\\blanja.test\\blanja.test\\Reports\\Test Suites\\TS_02_Autoplaced Pulsa\\TS_26_Autoplaced_Indomaret\\20181011_171651\\execution0.log"/>
         <property name="attachments" value=""/>
         <property name="hostName" value="cipta.andhika - CIPTA-E460.ad.metraplasa.co.id"/>
         <property name="os" value="Windows 10 64bit"/>
         <property name="katalonVersion" value="5.8.0.1"/>
         <property name="browser" value="Chrome 69.0.3497.100"/>
         <property name="hostAddress" value="10.10.99.244"/>
         <property name="sessionId" value="da1c7c9a11efb447c3b50a8cd4d8dced"/>
         <property name="seleniumVersion" value="3.7.1"/>
         <property name="proxyInformation" value="ProxyInformation{proxyOption=NO_PROXY, proxyServerType=HTTP, password=, proxyServerAddress=, proxyServerPort=0}"/>
         <property name="platform" value="Windows 10"/>
      </properties>
      <testcase name="Test Cases/10_Test Case Besar Pulsa/Pulsa" classname="Test Cases/10_Test Case Besar Pulsa/Pulsa" status="PASSED">
         <system-out><![CDATA[2018-10-11 17:32:34 - [TEST_CASE][PASSED] - Test Cases/10_Test Case Besar Pulsa/Pulsa: Test Cases/10_Test Case Besar Pulsa/Pulsa

2018-10-11 17:32:35 - [TEST_STEP][PASSED] - callTestCase: Call Test Case 'Test Cases/02_Member/TC_02010001_Member_Login' successfully

2018-10-11 17:32:35 - [TEST_CASE][PASSED] - Test Cases/02_Member/TC_02010001_Member_Login: Test Cases/02_Member/TC_02010001_Member_Login

2018-10-11 17:32:35 - [TEST_STEP][PASSED] - openBrowser: Browser is opened with url: ''

2018-10-11 17:32:38 - [MESSAGE][PASSED] - Browser is opened with url: ''

2018-10-11 17:32:38 - [TEST_STEP][PASSED] - maximizeWindow: Current window maximized

2018-10-11 17:32:40 - [MESSAGE][PASSED] - Current window maximized

2018-10-11 17:32:40 - [TEST_STEP][PASSED] - navigateToUrl: Navigate to 'https://member.blanja.com/member/login' successfully

2018-10-11 17:32:41 - [MESSAGE][PASSED] - Navigate to 'https://member.blanja.com/member/login' successfully

2018-10-11 17:32:41 - [TEST_STEP][PASSED] - setText: Text 'testblj2' is set on object 'Object Repository/SC_01010001_Mainsite/SC_02010001_Member_Login/input_nick'

2018-10-11 17:32:41 - [MESSAGE][PASSED] - Text 'testblj2' is set on object 'Object Repository/SC_01010001_Mainsite/SC_02010001_Member_Login/input_nick'

2018-10-11 17:32:41 - [TEST_STEP][PASSED] - setText: Text '123qwe' is set on object 'Object Repository/SC_01010001_Mainsite/SC_02010001_Member_Login/input_password'

2018-10-11 17:32:42 - [MESSAGE][PASSED] - Text '123qwe' is set on object 'Object Repository/SC_01010001_Mainsite/SC_02010001_Member_Login/input_password'

2018-10-11 17:32:42 - [TEST_STEP][PASSED] - click: Object: 'Object Repository/SC_01010001_Mainsite/SC_02010001_Member_Login/a_Masuk' is clicked on

2018-10-11 17:32:46 - [MESSAGE][PASSED] - Object: 'Object Repository/SC_01010001_Mainsite/SC_02010001_Member_Login/a_Masuk' is clicked on

2018-10-11 17:32:46 - [MESSAGE][PASSED] - Call Test Case 'Test Cases/02_Member/TC_02010001_Member_Login' successfully

2018-10-11 17:32:46 - [TEST_STEP][PASSED] - delay: Delayed 2 second(s)

2018-10-11 17:32:48 - [MESSAGE][PASSED] - Delayed 2 second(s)

2018-10-11 17:32:48 - [TEST_STEP][PASSED] - click: Object: 'Object Repository/SC_Close Popup Iklan/Close Iklan Pelajari Blanja' is clicked on

2018-10-11 17:32:48 - [MESSAGE][PASSED] - Object: 'Object Repository/SC_Close Popup Iklan/Close Iklan Pelajari Blanja' is clicked on

2018-10-11 17:32:48 - [TEST_STEP][PASSED] - delay: Delayed 2 second(s)

2018-10-11 17:32:50 - [MESSAGE][PASSED] - Delayed 2 second(s)

2018-10-11 17:32:50 - [TEST_STEP][PASSED] - setText: Text '081289138338' is set on object 'Object Repository/SC_Pulsa/Nomor handphone'

2018-10-11 17:32:51 - [MESSAGE][PASSED] - Text '081289138338' is set on object 'Object Repository/SC_Pulsa/Nomor handphone'

2018-10-11 17:32:51 - [TEST_STEP][PASSED] - delay: Delayed 3 second(s)

2018-10-11 17:32:54 - [MESSAGE][PASSED] - Delayed 3 second(s)

2018-10-11 17:32:54 - [TEST_STEP][PASSED] - click: Object: 'Object Repository/SC_Pulsa/Pilih Nominal' is clicked on

2018-10-11 17:32:54 - [MESSAGE][PASSED] - Object: 'Object Repository/SC_Pulsa/Pilih Nominal' is clicked on

2018-10-11 17:32:54 - [TEST_STEP][PASSED] - delay: Delayed 2 second(s)

2018-10-11 17:32:56 - [MESSAGE][PASSED] - Delayed 2 second(s)

2018-10-11 17:32:56 - [TEST_STEP][PASSED] - click: Object: 'Object Repository/SC_Pulsa/Nominal' is clicked on

2018-10-11 17:32:56 - [MESSAGE][PASSED] - Object: 'Object Repository/SC_Pulsa/Nominal' is clicked on

2018-10-11 17:32:56 - [TEST_STEP][PASSED] - delay: Delayed 2 second(s)

2018-10-11 17:32:58 - [MESSAGE][PASSED] - Delayed 2 second(s)

2018-10-11 17:32:58 - [TEST_STEP][PASSED] - click: Object: 'Object Repository/SC_Pulsa/Button Blanja Sekarang' is clicked on

2018-10-11 17:33:00 - [MESSAGE][PASSED] - Object: 'Object Repository/SC_Pulsa/Button Blanja Sekarang' is clicked on

2018-10-11 17:33:00 - [TEST_STEP][PASSED] - delay: Delayed 2 second(s)

2018-10-11 17:33:02 - [MESSAGE][PASSED] - Delayed 2 second(s)]]></system-out>
         <system-err><![CDATA[]]></system-err>
      </testcase>
      <testcase name="Test Cases/04_Trade/TC_04010002_ChooseMethodPayment/TC_04010002_26_ChooseMethodPayment_Indomaret" classname="Test Cases/04_Trade/TC_04010002_ChooseMethodPayment/TC_04010002_26_ChooseMethodPayment_Indomaret" status="PASSED">
         <system-out><![CDATA[2018-10-11 17:33:02 - [TEST_CASE][PASSED] - Test Cases/04_Trade/TC_04010002_ChooseMethodPayment/TC_04010002_26_ChooseMethodPayment_Indomaret: Test Cases/04_Trade/TC_04010002_ChooseMethodPayment/TC_04010002_26_ChooseMethodPayment_Indomaret

2018-10-11 17:33:03 - [TEST_STEP][PASSED] - click: Object: 'Object Repository/SC_04010002_Trade_PaymentMethod/RadioButtonPaymentMethod/rb_25_Indomaret' is clicked on

2018-10-11 17:33:03 - [MESSAGE][PASSED] - Object: 'Object Repository/SC_04010002_Trade_PaymentMethod/RadioButtonPaymentMethod/rb_25_Indomaret' is clicked on

2018-10-11 17:33:03 - [TEST_STEP][PASSED] - Statement - paymentMethod = com.kms.katalon.core.webui.keyword.WebUiBuiltInKeywords.getText(com.kms.katalon.core.testobject.ObjectRepository.findTestObject(SC_04010002_Trade_PaymentMethod/LabelPaymentMethod/label_Indomaret)): Text of object 'Object Repository/SC_04010002_Trade_PaymentMethod/LabelPaymentMethod/label_Indomaret' is: 'Indomaret'

2018-10-11 17:33:03 - [MESSAGE][PASSED] - Text of object 'Object Repository/SC_04010002_Trade_PaymentMethod/LabelPaymentMethod/label_Indomaret' is: 'Indomaret'

2018-10-11 17:33:03 - [TEST_STEP][PASSED] - blj.common.report.Autoplaced.AppendToBlanjaAutoplacedReport: blj.common.report.Autoplaced.AppendToBlanjaAutoplacedReport is PASSED

2018-10-11 17:33:03 - [MESSAGE][PASSED] - blj.common.report.Autoplaced.AppendToBlanjaAutoplacedReport is PASSED]]></system-out>
         <system-err><![CDATA[]]></system-err>
      </testcase>
      <testcase name="Test Cases/04_Trade/TC_04010003_ClickCheckout_GetLastOrderID_ExportTo_Blanja_Autoplaced" classname="Test Cases/04_Trade/TC_04010003_ClickCheckout_GetLastOrderID_ExportTo_Blanja_Autoplaced" status="PASSED">
         <system-out><![CDATA[2018-10-11 17:33:03 - [TEST_CASE][PASSED] - Test Cases/04_Trade/TC_04010003_ClickCheckout_GetLastOrderID_ExportTo_Blanja_Autoplaced: Test Cases/04_Trade/TC_04010003_ClickCheckout_GetLastOrderID_ExportTo_Blanja_Autoplaced

2018-10-11 17:33:03 - [TEST_STEP][PASSED] - click: Object: 'Object Repository/SC_04010002_Trade_PaymentMethod/input_checkOut' is clicked on

2018-10-11 17:33:04 - [MESSAGE][PASSED] - Object: 'Object Repository/SC_04010002_Trade_PaymentMethod/input_checkOut' is clicked on

2018-10-11 17:33:04 - [TEST_STEP][PASSED] - navigateToUrl: Navigate to 'https://member.blanja.com/trades/orderList.html' successfully

2018-10-11 17:33:05 - [MESSAGE][PASSED] - Navigate to 'https://member.blanja.com/trades/orderList.html' successfully

2018-10-11 17:33:05 - [TEST_STEP][PASSED] - Statement - orderNumber = " - " + com.kms.katalon.core.webui.keyword.WebUiBuiltInKeywords.getText(com.kms.katalon.core.testobject.ObjectRepository.findTestObject(SC_02010003_Member_BlanjaanSaya/Label_FirstOrderNumber)): Text of object 'Object Repository/SC_02010003_Member_BlanjaanSaya/Label_FirstOrderNumber' is: 'Nomor Pemesanan :418680932591223019'

2018-10-11 17:33:05 - [MESSAGE][PASSED] - Text of object 'Object Repository/SC_02010003_Member_BlanjaanSaya/Label_FirstOrderNumber' is: 'Nomor Pemesanan :418680932591223019'

2018-10-11 17:33:05 - [TEST_STEP][PASSED] - blj.common.report.Autoplaced.AppendToBlanjaAutoplacedReport: blj.common.report.Autoplaced.AppendToBlanjaAutoplacedReport is PASSED

2018-10-11 17:33:05 - [MESSAGE][PASSED] - blj.common.report.Autoplaced.AppendToBlanjaAutoplacedReport is PASSED]]></system-out>
         <system-err><![CDATA[]]></system-err>
      </testcase>
      <system-out><![CDATA[2018-10-11 17:32:34 - [TEST_SUITE][PASSED] - TS_26_Autoplaced_Indomaret: Test Cases/04_Trade/TC_04010003_ClickCheckout_GetLastOrderID_ExportTo_Blanja_Autoplaced]]></system-out>
      <system-err><![CDATA[]]></system-err>
   </testsuite>
</testsuites>
